
libgomp: unexpected mapping
srun: Job step aborted: Waiting up to 182 seconds for job step to finish.
slurmstepd: error: *** JOB 27410479 ON lrdn1101 CANCELLED AT 2025-12-03T10:17:22 ***
slurmstepd: error: *** STEP 27410479.0 ON lrdn1101 CANCELLED AT 2025-12-03T10:17:22 ***
